[dotenv@17.2.3] injecting env (5) from .env -- tip: ≡ƒöÉ prevent committing .env to code: https://dotenvx.com/precommit
[
  {
    "table_name": "deal",
    "column_name": "id",
    "data_type": "text",
    "is_nullable": "NO",
    "column_default": null
  },
  {
    "table_name": "deal",
    "column_name": "title",
    "data_type": "text",
    "is_nullable": "NO",
    "column_default": null
  },
  {
    "table_name": "deal",
    "column_name": "description",
    "data_type": "text",
    "is_nullable": "YES",
    "column_default": null
  },
  {
    "table_name": "deal",
    "column_name": "category",
    "data_type": "text",
    "is_nullable": "YES",
    "column_default": null
  },
  {
    "table_name": "deal",
    "column_name": "subcategory",
    "data_type": "text",
    "is_nullable": "YES",
    "column_default": null
  },
  {
    "table_name": "deal",
    "column_name": "deal_type",
    "data_type": "text",
    "is_nullable": "NO",
    "column_default": null
  },
  {
    "table_name": "deal",
    "column_name": "discount_value",
    "data_type": "numeric",
    "is_nullable": "YES",
    "column_default": null
  },
  {
    "table_name": "deal",
    "column_name": "original_price",
    "data_type": "numeric",
    "is_nullable": "YES",
    "column_default": null
  },
  {
    "table_name": "deal",
    "column_name": "discounted_price",
    "data_type": "numeric",
    "is_nullable": "YES",
    "column_default": null
  },
  {
    "table_name": "deal",
    "column_name": "merchant_name",
    "data_type": "text",
    "is_nullable": "NO",
    "column_default": null
  },
  {
    "table_name": "deal",
    "column_name": "merchant_id",
    "data_type": "text",
    "is_nullable": "YES",
    "column_default": null
  },
  {
    "table_name": "deal",
    "column_name": "merchant_logo",
    "data_type": "text",
    "is_nullable": "YES",
    "column_default": null
  },
  {
    "table_name": "deal",
    "column_name": "merchant_website",
    "data_type": "text",
    "is_nullable": "YES",
    "column_default": null
  },
  {
    "table_name": "deal",
    "column_name": "locations",
    "data_type": "ARRAY",
    "is_nullable": "YES",
    "column_default": null
  },
  {
    "table_name": "deal",
    "column_name": "is_online",
    "data_type": "boolean",
    "is_nullable": "NO",
    "column_default": "false"
  },
  {
    "table_name": "deal",
    "column_name": "status",
    "data_type": "text",
    "is_nullable": "NO",
    "column_default": "'active'::text"
  },
  {
    "table_name": "deal",
    "column_name": "start_date",
    "data_type": "timestamp without time zone",
    "is_nullable": "YES",
    "column_default": null
  },
  {
    "table_name": "deal",
    "column_name": "end_date",
    "data_type": "timestamp without time zone",
    "is_nullable": "YES",
    "column_default": null
  },
  {
    "table_name": "deal",
    "column_name": "max_redemptions",
    "data_type": "integer",
    "is_nullable": "YES",
    "column_default": null
  },
  {
    "table_name": "deal",
    "column_name": "max_redemptions_per_user",
    "data_type": "integer",
    "is_nullable": "YES",
    "column_default": "1"
  },
  {
    "table_name": "deal",
    "column_name": "current_redemptions",
    "data_type": "integer",
    "is_nullable": "NO",
    "column_default": "0"
  },
  {
    "table_name": "deal",
    "column_name": "required_tiers",
    "data_type": "ARRAY",
    "is_nullable": "YES",
    "column_default": null
  },
  {
    "table_name": "deal",
    "column_name": "coupontools_coupon_id",
    "data_type": "text",
    "is_nullable": "YES",
    "column_default": null
  },
  {
    "table_name": "deal",
    "column_name": "coupontools_template_id",
    "data_type": "text",
    "is_nullable": "YES",
    "column_default": null
  },
  {
    "table_name": "deal",
    "column_name": "coupontools_data",
    "data_type": "text",
    "is_nullable": "YES",
    "column_default": null
  },
  {
    "table_name": "deal",
    "column_name": "images",
    "data_type": "ARRAY",
    "is_nullable": "YES",
    "column_default": null
  },
  {
    "table_name": "deal",
    "column_name": "thumbnail_url",
    "data_type": "text",
    "is_nullable": "YES",
    "column_default": null
  },
  {
    "table_name": "deal",
    "column_name": "slug",
    "data_type": "text",
    "is_nullable": "YES",
    "column_default": null
  },
  {
    "table_name": "deal",
    "column_name": "tags",
    "data_type": "ARRAY",
    "is_nullable": "YES",
    "column_default": null
  },
  {
    "table_name": "deal",
    "column_name": "featured",
    "data_type": "boolean",
    "is_nullable": "NO",
    "column_default": "false"
  },
  {
    "table_name": "deal",
    "column_name": "priority",
    "data_type": "integer",
    "is_nullable": "NO",
    "column_default": "0"
  },
  {
    "table_name": "deal",
    "column_name": "terms_and_conditions",
    "data_type": "text",
    "is_nullable": "YES",
    "column_default": null
  },
  {
    "table_name": "deal",
    "column_name": "metadata",
    "data_type": "text",
    "is_nullable": "YES",
    "column_default": null
  },
  {
    "table_name": "deal",
    "column_name": "last_synced_at",
    "data_type": "timestamp without time zone",
    "is_nullable": "YES",
    "column_default": null
  },
  {
    "table_name": "deal",
    "column_name": "sync_status",
    "data_type": "text",
    "is_nullable": "YES",
    "column_default": "'synced'::text"
  },
  {
    "table_name": "deal",
    "column_name": "created_at",
    "data_type": "timestamp without time zone",
    "is_nullable": "NO",
    "column_default": "now()"
  },
  {
    "table_name": "deal",
    "column_name": "updated_at",
    "data_type": "timestamp without time zone",
    "is_nullable": "NO",
    "column_default": "now()"
  },
  {
    "table_name": "merchant",
    "column_name": "id",
    "data_type": "text",
    "is_nullable": "NO",
    "column_default": "gen_random_uuid()"
  },
  {
    "table_name": "merchant",
    "column_name": "name",
    "data_type": "text",
    "is_nullable": "NO",
    "column_default": null
  },
  {
    "table_name": "merchant",
    "column_name": "slug",
    "data_type": "text",
    "is_nullable": "NO",
    "column_default": null
  },
  {
    "table_name": "merchant",
    "column_name": "description",
    "data_type": "text",
    "is_nullable": "YES",
    "column_default": null
  },
  {
    "table_name": "merchant",
    "column_name": "website",
    "data_type": "text",
    "is_nullable": "YES",
    "column_default": null
  },
  {
    "table_name": "merchant",
    "column_name": "logo_url",
    "data_type": "text",
    "is_nullable": "YES",
    "column_default": null
  },
  {
    "table_name": "merchant",
    "column_name": "contact_email",
    "data_type": "text",
    "is_nullable": "YES",
    "column_default": null
  },
  {
    "table_name": "merchant",
    "column_name": "coupontools_merchant_id",
    "data_type": "text",
    "is_nullable": "YES",
    "column_default": null
  },
  {
    "table_name": "merchant",
    "column_name": "metadata",
    "data_type": "jsonb",
    "is_nullable": "YES",
    "column_default": null
  },
  {
    "table_name": "merchant",
    "column_name": "created_at",
    "data_type": "timestamp with time zone",
    "is_nullable": "NO",
    "column_default": "now()"
  },
  {
    "table_name": "merchant",
    "column_name": "updated_at",
    "data_type": "timestamp with time zone",
    "is_nullable": "NO",
    "column_default": "now()"
  },
  {
    "table_name": "merchants",
    "column_name": "id",
    "data_type": "text",
    "is_nullable": "NO",
    "column_default": "gen_random_uuid()"
  },
  {
    "table_name": "merchants",
    "column_name": "user_id",
    "data_type": "text",
    "is_nullable": "NO",
    "column_default": null
  },
  {
    "table_name": "merchants",
    "column_name": "business_name",
    "data_type": "text",
    "is_nullable": "NO",
    "column_default": null
  },
  {
    "table_name": "merchants",
    "column_name": "business_category",
    "data_type": "text",
    "is_nullable": "YES",
    "column_default": null
  },
  {
    "table_name": "merchants",
    "column_name": "contact_email",
    "data_type": "text",
    "is_nullable": "NO",
    "column_default": null
  },
  {
    "table_name": "merchants",
    "column_name": "website",
    "data_type": "text",
    "is_nullable": "YES",
    "column_default": null
  },
  {
    "table_name": "merchants",
    "column_name": "coupontools_merchant_id",
    "data_type": "text",
    "is_nullable": "YES",
    "column_default": null
  },
  {
    "table_name": "merchants",
    "column_name": "status",
    "data_type": "text",
    "is_nullable": "NO",
    "column_default": "'pending'::text"
  },
  {
    "table_name": "merchants",
    "column_name": "created_at",
    "data_type": "timestamp without time zone",
    "is_nullable": "NO",
    "column_default": "now()"
  },
  {
    "table_name": "redemption",
    "column_name": "id",
    "data_type": "text",
    "is_nullable": "NO",
    "column_default": "gen_random_uuid()"
  },
  {
    "table_name": "redemption",
    "column_name": "user_id",
    "data_type": "text",
    "is_nullable": "NO",
    "column_default": null
  },
  {
    "table_name": "redemption",
    "column_name": "deal_id",
    "data_type": "text",
    "is_nullable": "NO",
    "column_default": null
  },
  {
    "table_name": "redemption",
    "column_name": "wallet_item_id",
    "data_type": "text",
    "is_nullable": "YES",
    "column_default": null
  },
  {
    "table_name": "redemption",
    "column_name": "status",
    "data_type": "text",
    "is_nullable": "NO",
    "column_default": "'pending'::text"
  },
  {
    "table_name": "redemption",
    "column_name": "redemption_code",
    "data_type": "text",
    "is_nullable": "YES",
    "column_default": null
  },
  {
    "table_name": "redemption",
    "column_name": "redemption_method",
    "data_type": "text",
    "is_nullable": "NO",
    "column_default": null
  },
  {
    "table_name": "redemption",
    "column_name": "location_id",
    "data_type": "text",
    "is_nullable": "YES",
    "column_default": null
  },
  {
    "table_name": "redemption",
    "column_name": "location_name",
    "data_type": "text",
    "is_nullable": "YES",
    "column_default": null
  },
  {
    "table_name": "redemption",
    "column_name": "deal_value",
    "data_type": "numeric",
    "is_nullable": "YES",
    "column_default": null
  },
  {
    "table_name": "redemption",
    "column_name": "transaction_amount",
    "data_type": "numeric",
    "is_nullable": "YES",
    "column_default": null
  },
  {
    "table_name": "redemption",
    "column_name": "coupontools_redemption_id",
    "data_type": "text",
    "is_nullable": "YES",
    "column_default": null
  },
  {
    "table_name": "redemption",
    "column_name": "coupontools_validation_id",
    "data_type": "text",
    "is_nullable": "YES",
    "column_default": null
  },
  {
    "table_name": "redemption",
    "column_name": "coupontools_data",
    "data_type": "text",
    "is_nullable": "YES",
    "column_default": null
  },
  {
    "table_name": "redemption",
    "column_name": "trackdesk_click_id",
    "data_type": "text",
    "is_nullable": "YES",
    "column_default": null
  },
  {
    "table_name": "redemption",
    "column_name": "trackdesk_conversion_id",
    "data_type": "text",
    "is_nullable": "YES",
    "column_default": null
  },
  {
    "table_name": "redemption",
    "column_name": "trackdesk_commission",
    "data_type": "numeric",
    "is_nullable": "YES",
    "column_default": null
  },
  {
    "table_name": "redemption",
    "column_name": "redeemed_at",
    "data_type": "timestamp without time zone",
    "is_nullable": "NO",
    "column_default": "now()"
  },
  {
    "table_name": "redemption",
    "column_name": "validated_at",
    "data_type": "timestamp without time zone",
    "is_nullable": "YES",
    "column_default": null
  },
  {
    "table_name": "redemption",
    "column_name": "completed_at",
    "data_type": "timestamp without time zone",
    "is_nullable": "YES",
    "column_default": null
  },
  {
    "table_name": "redemption",
    "column_name": "refunded_at",
    "data_type": "timestamp without time zone",
    "is_nullable": "YES",
    "column_default": null
  },
  {
    "table_name": "redemption",
    "column_name": "verified",
    "data_type": "boolean",
    "is_nullable": "NO",
    "column_default": "false"
  },
  {
    "table_name": "redemption",
    "column_name": "verified_by",
    "data_type": "text",
    "is_nullable": "YES",
    "column_default": null
  },
  {
    "table_name": "redemption",
    "column_name": "device_type",
    "data_type": "text",
    "is_nullable": "YES",
    "column_default": null
  },
  {
    "table_name": "redemption",
    "column_name": "user_agent",
    "data_type": "text",
    "is_nullable": "YES",
    "column_default": null
  },
  {
    "table_name": "redemption",
    "column_name": "ip_address",
    "data_type": "text",
    "is_nullable": "YES",
    "column_default": null
  },
  {
    "table_name": "redemption",
    "column_name": "notes",
    "data_type": "text",
    "is_nullable": "YES",
    "column_default": null
  },
  {
    "table_name": "redemption",
    "column_name": "metadata",
    "data_type": "text",
    "is_nullable": "YES",
    "column_default": null
  },
  {
    "table_name": "redemption",
    "column_name": "created_at",
    "data_type": "timestamp without time zone",
    "is_nullable": "NO",
    "column_default": "now()"
  },
  {
    "table_name": "redemption",
    "column_name": "updated_at",
    "data_type": "timestamp without time zone",
    "is_nullable": "NO",
    "column_default": "now()"
  },
  {
    "table_name": "subscription_history",
    "column_name": "id",
    "data_type": "text",
    "is_nullable": "NO",
    "column_default": "gen_random_uuid()"
  },
  {
    "table_name": "subscription_history",
    "column_name": "user_id",
    "data_type": "text",
    "is_nullable": "NO",
    "column_default": null
  },
  {
    "table_name": "subscription_history",
    "column_name": "subscription_id",
    "data_type": "text",
    "is_nullable": "NO",
    "column_default": null
  },
  {
    "table_name": "subscription_history",
    "column_name": "action",
    "data_type": "text",
    "is_nullable": "NO",
    "column_default": null
  },
  {
    "table_name": "subscription_history",
    "column_name": "from_tier_id",
    "data_type": "text",
    "is_nullable": "YES",
    "column_default": null
  },
  {
    "table_name": "subscription_history",
    "column_name": "to_tier_id",
    "data_type": "text",
    "is_nullable": "YES",
    "column_default": null
  },
  {
    "table_name": "subscription_history",
    "column_name": "reason",
    "data_type": "text",
    "is_nullable": "YES",
    "column_default": null
  },
  {
    "table_name": "subscription_history",
    "column_name": "metadata",
    "data_type": "text",
    "is_nullable": "YES",
    "column_default": null
  },
  {
    "table_name": "subscription_history",
    "column_name": "created_at",
    "data_type": "timestamp without time zone",
    "is_nullable": "NO",
    "column_default": "now()"
  },
  {
    "table_name": "subscription_tier",
    "column_name": "id",
    "data_type": "text",
    "is_nullable": "NO",
    "column_default": null
  },
  {
    "table_name": "subscription_tier",
    "column_name": "name",
    "data_type": "text",
    "is_nullable": "NO",
    "column_default": null
  },
  {
    "table_name": "subscription_tier",
    "column_name": "description",
    "data_type": "text",
    "is_nullable": "YES",
    "column_default": null
  },
  {
    "table_name": "subscription_tier",
    "column_name": "monthly_price",
    "data_type": "numeric",
    "is_nullable": "NO",
    "column_default": null
  },
  {
    "table_name": "subscription_tier",
    "column_name": "yearly_price",
    "data_type": "numeric",
    "is_nullable": "NO",
    "column_default": null
  },
  {
    "table_name": "subscription_tier",
    "column_name": "stripe_price_id_monthly",
    "data_type": "text",
    "is_nullable": "YES",
    "column_default": null
  },
  {
    "table_name": "subscription_tier",
    "column_name": "stripe_price_id_yearly",
    "data_type": "text",
    "is_nullable": "YES",
    "column_default": null
  },
  {
    "table_name": "subscription_tier",
    "column_name": "features",
    "data_type": "ARRAY",
    "is_nullable": "YES",
    "column_default": null
  },
  {
    "table_name": "subscription_tier",
    "column_name": "max_deals_per_month",
    "data_type": "integer",
    "is_nullable": "YES",
    "column_default": null
  },
  {
    "table_name": "subscription_tier",
    "column_name": "max_wallet_items",
    "data_type": "integer",
    "is_nullable": "YES",
    "column_default": null
  },
  {
    "table_name": "subscription_tier",
    "column_name": "priority",
    "data_type": "integer",
    "is_nullable": "NO",
    "column_default": "0"
  },
  {
    "table_name": "subscription_tier",
    "column_name": "active",
    "data_type": "boolean",
    "is_nullable": "NO",
    "column_default": "true"
  },
  {
    "table_name": "subscription_tier",
    "column_name": "created_at",
    "data_type": "timestamp without time zone",
    "is_nullable": "NO",
    "column_default": "now()"
  },
  {
    "table_name": "subscription_tier",
    "column_name": "updated_at",
    "data_type": "timestamp without time zone",
    "is_nullable": "NO",
    "column_default": "now()"
  },
  {
    "table_name": "user_subscription",
    "column_name": "id",
    "data_type": "text",
    "is_nullable": "NO",
    "column_default": "gen_random_uuid()"
  },
  {
    "table_name": "user_subscription",
    "column_name": "user_id",
    "data_type": "text",
    "is_nullable": "NO",
    "column_default": null
  },
  {
    "table_name": "user_subscription",
    "column_name": "tier_id",
    "data_type": "text",
    "is_nullable": "NO",
    "column_default": null
  },
  {
    "table_name": "user_subscription",
    "column_name": "status",
    "data_type": "text",
    "is_nullable": "NO",
    "column_default": null
  },
  {
    "table_name": "user_subscription",
    "column_name": "billing_cycle",
    "data_type": "text",
    "is_nullable": "NO",
    "column_default": null
  },
  {
    "table_name": "user_subscription",
    "column_name": "stripe_customer_id",
    "data_type": "text",
    "is_nullable": "YES",
    "column_default": null
  },
  {
    "table_name": "user_subscription",
    "column_name": "stripe_subscription_id",
    "data_type": "text",
    "is_nullable": "YES",
    "column_default": null
  },
  {
    "table_name": "user_subscription",
    "column_name": "stripe_price_id",
    "data_type": "text",
    "is_nullable": "YES",
    "column_default": null
  },
  {
    "table_name": "user_subscription",
    "column_name": "current_period_start",
    "data_type": "timestamp without time zone",
    "is_nullable": "YES",
    "column_default": null
  },
  {
    "table_name": "user_subscription",
    "column_name": "current_period_end",
    "data_type": "timestamp without time zone",
    "is_nullable": "YES",
    "column_default": null
  },
  {
    "table_name": "user_subscription",
    "column_name": "cancel_at",
    "data_type": "timestamp without time zone",
    "is_nullable": "YES",
    "column_default": null
  },
  {
    "table_name": "user_subscription",
    "column_name": "canceled_at",
    "data_type": "timestamp without time zone",
    "is_nullable": "YES",
    "column_default": null
  },
  {
    "table_name": "user_subscription",
    "column_name": "trial_start",
    "data_type": "timestamp without time zone",
    "is_nullable": "YES",
    "column_default": null
  },
  {
    "table_name": "user_subscription",
    "column_name": "trial_end",
    "data_type": "timestamp without time zone",
    "is_nullable": "YES",
    "column_default": null
  },
  {
    "table_name": "user_subscription",
    "column_name": "metadata",
    "data_type": "text",
    "is_nullable": "YES",
    "column_default": null
  },
  {
    "table_name": "user_subscription",
    "column_name": "created_at",
    "data_type": "timestamp without time zone",
    "is_nullable": "NO",
    "column_default": "now()"
  },
  {
    "table_name": "user_subscription",
    "column_name": "updated_at",
    "data_type": "timestamp without time zone",
    "is_nullable": "NO",
    "column_default": "now()"
  },
  {
    "table_name": "wallet_item",
    "column_name": "id",
    "data_type": "text",
    "is_nullable": "NO",
    "column_default": "gen_random_uuid()"
  },
  {
    "table_name": "wallet_item",
    "column_name": "user_id",
    "data_type": "text",
    "is_nullable": "NO",
    "column_default": null
  },
  {
    "table_name": "wallet_item",
    "column_name": "deal_id",
    "data_type": "text",
    "is_nullable": "NO",
    "column_default": null
  },
  {
    "table_name": "wallet_item",
    "column_name": "status",
    "data_type": "text",
    "is_nullable": "NO",
    "column_default": "'active'::text"
  },
  {
    "table_name": "wallet_item",
    "column_name": "added_at",
    "data_type": "timestamp without time zone",
    "is_nullable": "NO",
    "column_default": "now()"
  },
  {
    "table_name": "wallet_item",
    "column_name": "used_at",
    "data_type": "timestamp without time zone",
    "is_nullable": "YES",
    "column_default": null
  },
  {
    "table_name": "wallet_item",
    "column_name": "expires_at",
    "data_type": "timestamp without time zone",
    "is_nullable": "YES",
    "column_default": null
  },
  {
    "table_name": "wallet_item",
    "column_name": "removed_at",
    "data_type": "timestamp without time zone",
    "is_nullable": "YES",
    "column_default": null
  },
  {
    "table_name": "wallet_item",
    "column_name": "notification_sent",
    "data_type": "boolean",
    "is_nullable": "NO",
    "column_default": "false"
  },
  {
    "table_name": "wallet_item",
    "column_name": "reminder_sent",
    "data_type": "boolean",
    "is_nullable": "NO",
    "column_default": "false"
  },
  {
    "table_name": "wallet_item",
    "column_name": "notes",
    "data_type": "text",
    "is_nullable": "YES",
    "column_default": null
  },
  {
    "table_name": "wallet_item",
    "column_name": "metadata",
    "data_type": "text",
    "is_nullable": "YES",
    "column_default": null
  },
  {
    "table_name": "wallet_item",
    "column_name": "created_at",
    "data_type": "timestamp without time zone",
    "is_nullable": "NO",
    "column_default": "now()"
  },
  {
    "table_name": "wallet_item",
    "column_name": "updated_at",
    "data_type": "timestamp without time zone",
    "is_nullable": "NO",
    "column_default": "now()"
  },
  {
    "table_name": "webhook_event",
    "column_name": "id",
    "data_type": "text",
    "is_nullable": "NO",
    "column_default": "gen_random_uuid()"
  },
  {
    "table_name": "webhook_event",
    "column_name": "source",
    "data_type": "text",
    "is_nullable": "NO",
    "column_default": null
  },
  {
    "table_name": "webhook_event",
    "column_name": "event_id",
    "data_type": "text",
    "is_nullable": "NO",
    "column_default": null
  },
  {
    "table_name": "webhook_event",
    "column_name": "event_type",
    "data_type": "text",
    "is_nullable": "NO",
    "column_default": null
  },
  {
    "table_name": "webhook_event",
    "column_name": "status",
    "data_type": "text",
    "is_nullable": "NO",
    "column_default": "'pending'::text"
  },
  {
    "table_name": "webhook_event",
    "column_name": "processed_at",
    "data_type": "timestamp without time zone",
    "is_nullable": "YES",
    "column_default": null
  },
  {
    "table_name": "webhook_event",
    "column_name": "attempts",
    "data_type": "integer",
    "is_nullable": "NO",
    "column_default": "0"
  },
  {
    "table_name": "webhook_event",
    "column_name": "max_attempts",
    "data_type": "integer",
    "is_nullable": "NO",
    "column_default": "3"
  },
  {
    "table_name": "webhook_event",
    "column_name": "next_retry_at",
    "data_type": "timestamp without time zone",
    "is_nullable": "YES",
    "column_default": null
  },
  {
    "table_name": "webhook_event",
    "column_name": "payload",
    "data_type": "text",
    "is_nullable": "NO",
    "column_default": null
  },
  {
    "table_name": "webhook_event",
    "column_name": "headers",
    "data_type": "text",
    "is_nullable": "YES",
    "column_default": null
  },
  {
    "table_name": "webhook_event",
    "column_name": "response_status",
    "data_type": "integer",
    "is_nullable": "YES",
    "column_default": null
  },
  {
    "table_name": "webhook_event",
    "column_name": "response_body",
    "data_type": "text",
    "is_nullable": "YES",
    "column_default": null
  },
  {
    "table_name": "webhook_event",
    "column_name": "error",
    "data_type": "text",
    "is_nullable": "YES",
    "column_default": null
  },
  {
    "table_name": "webhook_event",
    "column_name": "error_stack",
    "data_type": "text",
    "is_nullable": "YES",
    "column_default": null
  },
  {
    "table_name": "webhook_event",
    "column_name": "user_id",
    "data_type": "text",
    "is_nullable": "YES",
    "column_default": null
  },
  {
    "table_name": "webhook_event",
    "column_name": "subscription_id",
    "data_type": "text",
    "is_nullable": "YES",
    "column_default": null
  },
  {
    "table_name": "webhook_event",
    "column_name": "deal_id",
    "data_type": "text",
    "is_nullable": "YES",
    "column_default": null
  },
  {
    "table_name": "webhook_event",
    "column_name": "redemption_id",
    "data_type": "text",
    "is_nullable": "YES",
    "column_default": null
  },
  {
    "table_name": "webhook_event",
    "column_name": "verified",
    "data_type": "boolean",
    "is_nullable": "NO",
    "column_default": "false"
  },
  {
    "table_name": "webhook_event",
    "column_name": "signature",
    "data_type": "text",
    "is_nullable": "YES",
    "column_default": null
  },
  {
    "table_name": "webhook_event",
    "column_name": "ip_address",
    "data_type": "text",
    "is_nullable": "YES",
    "column_default": null
  },
  {
    "table_name": "webhook_event",
    "column_name": "user_agent",
    "data_type": "text",
    "is_nullable": "YES",
    "column_default": null
  },
  {
    "table_name": "webhook_event",
    "column_name": "metadata",
    "data_type": "text",
    "is_nullable": "YES",
    "column_default": null
  },
  {
    "table_name": "webhook_event",
    "column_name": "created_at",
    "data_type": "timestamp without time zone",
    "is_nullable": "NO",
    "column_default": "now()"
  },
  {
    "table_name": "webhook_event",
    "column_name": "updated_at",
    "data_type": "timestamp without time zone",
    "is_nullable": "NO",
    "column_default": "now()"
  },
  {
    "table_name": "webhook_log",
    "column_name": "id",
    "data_type": "text",
    "is_nullable": "NO",
    "column_default": "gen_random_uuid()"
  },
  {
    "table_name": "webhook_log",
    "column_name": "webhook_event_id",
    "data_type": "text",
    "is_nullable": "NO",
    "column_default": null
  },
  {
    "table_name": "webhook_log",
    "column_name": "level",
    "data_type": "text",
    "is_nullable": "NO",
    "column_default": null
  },
  {
    "table_name": "webhook_log",
    "column_name": "message",
    "data_type": "text",
    "is_nullable": "NO",
    "column_default": null
  },
  {
    "table_name": "webhook_log",
    "column_name": "context",
    "data_type": "text",
    "is_nullable": "YES",
    "column_default": null
  },
  {
    "table_name": "webhook_log",
    "column_name": "timestamp",
    "data_type": "timestamp without time zone",
    "is_nullable": "NO",
    "column_default": "now()"
  },
  {
    "table_name": "webhook_log",
    "column_name": "created_at",
    "data_type": "timestamp without time zone",
    "is_nullable": "NO",
    "column_default": "now()"
  },
  {
    "table_name": "webhook_subscription",
    "column_name": "id",
    "data_type": "text",
    "is_nullable": "NO",
    "column_default": "gen_random_uuid()"
  },
  {
    "table_name": "webhook_subscription",
    "column_name": "source",
    "data_type": "text",
    "is_nullable": "NO",
    "column_default": null
  },
  {
    "table_name": "webhook_subscription",
    "column_name": "event_types",
    "data_type": "ARRAY",
    "is_nullable": "NO",
    "column_default": null
  },
  {
    "table_name": "webhook_subscription",
    "column_name": "url",
    "data_type": "text",
    "is_nullable": "NO",
    "column_default": null
  },
  {
    "table_name": "webhook_subscription",
    "column_name": "secret",
    "data_type": "text",
    "is_nullable": "YES",
    "column_default": null
  },
  {
    "table_name": "webhook_subscription",
    "column_name": "active",
    "data_type": "boolean",
    "is_nullable": "NO",
    "column_default": "true"
  },
  {
    "table_name": "webhook_subscription",
    "column_name": "external_id",
    "data_type": "text",
    "is_nullable": "YES",
    "column_default": null
  },
  {
    "table_name": "webhook_subscription",
    "column_name": "metadata",
    "data_type": "text",
    "is_nullable": "YES",
    "column_default": null
  },
  {
    "table_name": "webhook_subscription",
    "column_name": "created_at",
    "data_type": "timestamp without time zone",
    "is_nullable": "NO",
    "column_default": "now()"
  },
  {
    "table_name": "webhook_subscription",
    "column_name": "updated_at",
    "data_type": "timestamp without time zone",
    "is_nullable": "NO",
    "column_default": "now()"
  }
]
