п»ї
> @polokaz/db@0.0.0 db:migrate C:\Users\HP\Desktop\Freelancing\Freelancing\Polokaz\packages\db
> drizzle-kit migrate

No config path provided, using default 'drizzle.config.ts'
Reading config file 'C:\Users\HP\Desktop\Freelancing\Freelancing\Polokaz\packages\db\drizzle.config.ts'
Using 'postgres' driver for database querying
[О“Гєв•–] applying migrations...[2K[1G[О“ГєВ»] applying migrations...[2K[1G[О“ГєЖ’] applying migrations...[2K[1G[О“Г­в”ђ] applying migrations...[2K[1G[О“Гів”ђ] applying migrations...[2K[1G[О“Гєв•—] applying migrations...{
  severity_local: 'NOTICE',
  severity: 'NOTICE',
  code: '42P06',
  message: 'schema "drizzle" already exists, skipping',
  file: 'schemacmds.c',
  line: '132',
  routine: 'CreateSchemaCommand'
}
[2K[1G[О“Гєв•њ] applying migrations...{
  severity_local: 'NOTICE',
  severity: 'NOTICE',
  code: '42P07',
  message: 'relation "drizzle_migrations" already exists, skipping',
  file: 'parse_utilcmd.c',
  line: '207',
  routine: 'transformCreateStmt'
}
[2K[1G[О“Гєв•–] applying migrations...[2K[1G[О“ГєВ»] applying migrations...[2K[1G[О“ГєЖ’] applying migrations...[2K[1G[О“ГєЖ’] applying migrations...C:\Users\HP\Desktop\Freelancing\Freelancing\Polokaz\packages\db:
О“Г‡Г«ERR_PNPM_RECURSIVE_RUN_FIRST_FAILО“Г‡Г« @polokaz/db@0.0.0 db:migrate: `drizzle-kit migrate`
Exit status 1
