[dotenv@17.2.3] injecting env (5) from .env -- tip: ΓÜÖ∩╕Å  specify custom .env file path with { path: '/custom/path/.env' }
[
  {
    "column_name": "id",
    "data_type": "text",
    "is_nullable": "NO",
    "column_default": "gen_random_uuid()"
  },
  {
    "column_name": "expires_at",
    "data_type": "timestamp without time zone",
    "is_nullable": "YES",
    "column_default": null
  },
  {
    "column_name": "max_uses",
    "data_type": "integer",
    "is_nullable": "YES",
    "column_default": null
  },
  {
    "column_name": "user_id",
    "data_type": "text",
    "is_nullable": "NO",
    "column_default": null
  },
  {
    "column_name": "trackdesk_url",
    "data_type": "text",
    "is_nullable": "YES",
    "column_default": null
  },
  {
    "column_name": "created_at",
    "data_type": "timestamp without time zone",
    "is_nullable": "NO",
    "column_default": "now()"
  },
  {
    "column_name": "updated_at",
    "data_type": "timestamp without time zone",
    "is_nullable": "NO",
    "column_default": "now()"
  }
]
