[dotenv@17.2.3] injecting env (5) from .env -- tip: ≡ƒöÉ prevent building .env in docker: https://dotenvx.com/prebuild
[
  {
    "column_name": "id",
    "data_type": "text",
    "is_nullable": "NO",
    "column_default": "gen_random_uuid()"
  },
  {
    "column_name": "referral_id",
    "data_type": "text",
    "is_nullable": "NO",
    "column_default": null
  },
  {
    "column_name": "user_id",
    "data_type": "text",
    "is_nullable": "NO",
    "column_default": null
  },
  {
    "column_name": "trackdesk_click_id",
    "data_type": "text",
    "is_nullable": "YES",
    "column_default": null
  },
  {
    "column_name": "trackdesk_conversion_id",
    "data_type": "text",
    "is_nullable": "YES",
    "column_default": null
  },
  {
    "column_name": "trackdesk_status",
    "data_type": "text",
    "is_nullable": "YES",
    "column_default": null
  },
  {
    "column_name": "created_at",
    "data_type": "timestamp without time zone",
    "is_nullable": "NO",
    "column_default": "now()"
  },
  {
    "column_name": "updated_at",
    "data_type": "timestamp without time zone",
    "is_nullable": "NO",
    "column_default": "now()"
  }
]
