2026-04-18T20:03:27.548Z - SyntaxError: Expected property name or '}' in JSON at position 1
    at JSON.parse (<anonymous>)
    at parse (C:\Users\HP\Desktop\Freelancing\polokaz-master\node_modules\.pnpm\body-parser@2.2.1\node_modules\body-parser\lib\types\json.js:74:19)
    at C:\Users\HP\Desktop\Freelancing\polokaz-master\node_modules\.pnpm\body-parser@2.2.1\node_modules\body-parser\lib\read.js:163:18
    at AsyncResource.runInAsyncScope (node:async_hooks:206:9)
    at invokeCallback (C:\Users\HP\Desktop\Freelancing\polokaz-master\node_modules\.pnpm\raw-body@3.0.2\node_modules\raw-body\index.js:238:16)
    at done (C:\Users\HP\Desktop\Freelancing\polokaz-master\node_modules\.pnpm\raw-body@3.0.2\node_modules\raw-body\index.js:227:7)
    at IncomingMessage.onEnd (C:\Users\HP\Desktop\Freelancing\polokaz-master\node_modules\.pnpm\raw-body@3.0.2\node_modules\raw-body\index.js:287:7)
    at IncomingMessage.emit (node:events:519:28)
    at endReadableNT (node:internal/streams/readable:1696:12)
    at process.processTicksAndRejections (node:internal/process/task_queues:82:21)

2026-04-18T20:03:58.349Z - SyntaxError: Unexpected token ''', "'{email:te"... is not valid JSON
    at JSON.parse (<anonymous>)
    at createStrictSyntaxError (C:\Users\HP\Desktop\Freelancing\polokaz-master\node_modules\.pnpm\body-parser@2.2.1\node_modules\body-parser\lib\types\json.js:116:10)
    at parse (C:\Users\HP\Desktop\Freelancing\polokaz-master\node_modules\.pnpm\body-parser@2.2.1\node_modules\body-parser\lib\types\json.js:68:15)
    at C:\Users\HP\Desktop\Freelancing\polokaz-master\node_modules\.pnpm\body-parser@2.2.1\node_modules\body-parser\lib\read.js:163:18
    at AsyncResource.runInAsyncScope (node:async_hooks:206:9)
    at invokeCallback (C:\Users\HP\Desktop\Freelancing\polokaz-master\node_modules\.pnpm\raw-body@3.0.2\node_modules\raw-body\index.js:238:16)
    at done (C:\Users\HP\Desktop\Freelancing\polokaz-master\node_modules\.pnpm\raw-body@3.0.2\node_modules\raw-body\index.js:227:7)
    at IncomingMessage.onEnd (C:\Users\HP\Desktop\Freelancing\polokaz-master\node_modules\.pnpm\raw-body@3.0.2\node_modules\raw-body\index.js:287:7)
    at IncomingMessage.emit (node:events:519:28)
    at endReadableNT (node:internal/streams/readable:1696:12)

2026-04-18T20:21:35.239Z - SyntaxError: Expected property name or '}' in JSON at position 1
    at JSON.parse (<anonymous>)
    at parse (C:\Users\HP\Desktop\Freelancing\polokaz-master\node_modules\.pnpm\body-parser@2.2.1\node_modules\body-parser\lib\types\json.js:74:19)
    at C:\Users\HP\Desktop\Freelancing\polokaz-master\node_modules\.pnpm\body-parser@2.2.1\node_modules\body-parser\lib\read.js:163:18
    at AsyncResource.runInAsyncScope (node:async_hooks:206:9)
    at invokeCallback (C:\Users\HP\Desktop\Freelancing\polokaz-master\node_modules\.pnpm\raw-body@3.0.2\node_modules\raw-body\index.js:238:16)
    at done (C:\Users\HP\Desktop\Freelancing\polokaz-master\node_modules\.pnpm\raw-body@3.0.2\node_modules\raw-body\index.js:227:7)
    at IncomingMessage.onEnd (C:\Users\HP\Desktop\Freelancing\polokaz-master\node_modules\.pnpm\raw-body@3.0.2\node_modules\raw-body\index.js:287:7)
    at IncomingMessage.emit (node:events:519:28)
    at endReadableNT (node:internal/streams/readable:1696:12)
    at process.processTicksAndRejections (node:internal/process/task_queues:82:21)

2026-05-21T06:21:19.893Z - PolokazError: You don't have permission to access this.
    at ReferralsService.getAll (C:\Users\HP\Desktop\Freelancing\Freelancing\polokaz-master\apps\api\src\services\referrals.ts:19:30)
    at <anonymous> (C:\Users\HP\Desktop\Freelancing\Freelancing\polokaz-master\apps\api\src\controllers\referrals.ts:11:35)
    at Layer.handleRequest (C:\Users\HP\Desktop\Freelancing\Freelancing\polokaz-master\node_modules\.pnpm\router@2.2.0\node_modules\router\lib\layer.js:152:17)
    at next (C:\Users\HP\Desktop\Freelancing\Freelancing\polokaz-master\node_modules\.pnpm\router@2.2.0\node_modules\router\lib\route.js:157:13)
    at Route.dispatch (C:\Users\HP\Desktop\Freelancing\Freelancing\polokaz-master\node_modules\.pnpm\router@2.2.0\node_modules\router\lib\route.js:117:3)
    at handle (C:\Users\HP\Desktop\Freelancing\Freelancing\polokaz-master\node_modules\.pnpm\router@2.2.0\node_modules\router\index.js:435:11)
    at Layer.handleRequest (C:\Users\HP\Desktop\Freelancing\Freelancing\polokaz-master\node_modules\.pnpm\router@2.2.0\node_modules\router\lib\layer.js:152:17)
    at C:\Users\HP\Desktop\Freelancing\Freelancing\polokaz-master\node_modules\.pnpm\router@2.2.0\node_modules\router\index.js:295:15
    at processParams (C:\Users\HP\Desktop\Freelancing\Freelancing\polokaz-master\node_modules\.pnpm\router@2.2.0\node_modules\router\index.js:582:12)
    at next (C:\Users\HP\Desktop\Freelancing\Freelancing\polokaz-master\node_modules\.pnpm\router@2.2.0\node_modules\router\index.js:291:5)

